<?xml version="1.0" encoding="UTF-8"?>
<!-- Generated by org.testng.reporters.JUnitReportReporter -->
<testsuite hostname="PC-201010132254" name="com.bestway.util.RegexUtil" tests="1" failures="0" timestamp="10 Jul 2012 06:16:44 GMT" time="0.015" errors="0">
  <testcase name="aa" time="0.015" classname="com.bestway.util.RegexUtil"/>
</testsuite> <!-- com.bestway.util.RegexUtil -->
